<?xml version="1.0" encoding="UTF-8"?>
<testsuite name="com.cg.uservalidation.TestException" tests="6" skipped="0" failures="0" errors="0" timestamp="2020-10-07T18:16:13" hostname="ABHINAVs-MacBook-Air.local" time="0.017">
  <properties/>
  <testcase name="givenEmail_whenEntered_shouldReturnValidation" classname="com.cg.uservalidation.TestException" time="0.009"/>
  <testcase name="givenPassword_whenEntered_shouldReturnValidation" classname="com.cg.uservalidation.TestException" time="0.001"/>
  <testcase name="givenString_whenEntered_shouldReturnSad" classname="com.cg.uservalidation.TestException" time="0.001"/>
  <testcase name="givenLastName_whenEntered_shouldReturnValidation" classname="com.cg.uservalidation.TestException" time="0.0"/>
  <testcase name="givenMobile_whenEntered_shouldReturnValidation" classname="com.cg.uservalidation.TestException" time="0.0"/>
  <testcase name="givenFirstName_whenEntered_shouldReturnValidation" classname="com.cg.uservalidation.TestException" time="0.0"/>
  <system-out><![CDATA[Valid Email
Valid mobile phone
]]></system-out>
  <system-err><![CDATA[]]></system-err>
</testsuite>
