<?xml version="1.0" encoding="UTF-8"?>
<testsuite name="com.cg.uservalidation.UserValidationTest" tests="144" skipped="0" failures="0" errors="0" timestamp="2020-10-06T19:22:53" hostname="ABHINAVs-MacBook-Air.local" time="0.149">
  <properties/>
  <testcase name="givenEmail_whenEntered_shouldReturnValidation[0]" classname="com.cg.uservalidation.UserValidationTest" time="0.008"/>
  <testcase name="givenPassword_whenEntered_shouldReturnValidation[0]" classname="com.cg.uservalidation.UserValidationTest" time="0.0"/>
  <testcase name="givenString_whenEntered_shouldReturnSad[0]" classname="com.cg.uservalidation.UserValidationTest" time="0.0"/>
  <testcase name="givenLastName_whenEntered_shouldReturnValidation[0]" classname="com.cg.uservalidation.UserValidationTest" time="0.0"/>
  <testcase name="givenMobile_whenEntered_shouldReturnValidation[0]" classname="com.cg.uservalidation.UserValidationTest" time="0.001"/>
  <testcase name="givenFirstName_whenEntered_shouldReturnValidation[0]" classname="com.cg.uservalidation.UserValidationTest" time="0.001"/>
  <testcase name="givenEmail_whenEntered_shouldReturnValidation[1]" classname="com.cg.uservalidation.UserValidationTest" time="0.001"/>
  <testcase name="givenPassword_whenEntered_shouldReturnValidation[1]" classname="com.cg.uservalidation.UserValidationTest" time="0.001"/>
  <testcase name="givenString_whenEntered_shouldReturnSad[1]" classname="com.cg.uservalidation.UserValidationTest" time="0.001"/>
  <testcase name="givenLastName_whenEntered_shouldReturnValidation[1]" classname="com.cg.uservalidation.UserValidationTest" time="0.0"/>
  <testcase name="givenMobile_whenEntered_shouldReturnValidation[1]" classname="com.cg.uservalidation.UserValidationTest" time="0.0"/>
  <testcase name="givenFirstName_whenEntered_shouldReturnValidation[1]" classname="com.cg.uservalidation.UserValidationTest" time="0.0"/>
  <testcase name="givenEmail_whenEntered_shouldReturnValidation[2]" classname="com.cg.uservalidation.UserValidationTest" time="0.0"/>
  <testcase name="givenPassword_whenEntered_shouldReturnValidation[2]" classname="com.cg.uservalidation.UserValidationTest" time="0.001"/>
  <testcase name="givenString_whenEntered_shouldReturnSad[2]" classname="com.cg.uservalidation.UserValidationTest" time="0.0"/>
  <testcase name="givenLastName_whenEntered_shouldReturnValidation[2]" classname="com.cg.uservalidation.UserValidationTest" time="0.001"/>
  <testcase name="givenMobile_whenEntered_shouldReturnValidation[2]" classname="com.cg.uservalidation.UserValidationTest" time="0.0"/>
  <testcase name="givenFirstName_whenEntered_shouldReturnValidation[2]" classname="com.cg.uservalidation.UserValidationTest" time="0.0"/>
  <testcase name="givenEmail_whenEntered_shouldReturnValidation[3]" classname="com.cg.uservalidation.UserValidationTest" time="0.002"/>
  <testcase name="givenPassword_whenEntered_shouldReturnValidation[3]" classname="com.cg.uservalidation.UserValidationTest" time="0.0"/>
  <testcase name="givenString_whenEntered_shouldReturnSad[3]" classname="com.cg.uservalidation.UserValidationTest" time="0.0"/>
  <testcase name="givenLastName_whenEntered_shouldReturnValidation[3]" classname="com.cg.uservalidation.UserValidationTest" time="0.001"/>
  <testcase name="givenMobile_whenEntered_shouldReturnValidation[3]" classname="com.cg.uservalidation.UserValidationTest" time="0.0"/>
  <testcase name="givenFirstName_whenEntered_shouldReturnValidation[3]" classname="com.cg.uservalidation.UserValidationTest" time="0.0"/>
  <testcase name="givenEmail_whenEntered_shouldReturnValidation[4]" classname="com.cg.uservalidation.UserValidationTest" time="0.0"/>
  <testcase name="givenPassword_whenEntered_shouldReturnValidation[4]" classname="com.cg.uservalidation.UserValidationTest" time="0.0"/>
  <testcase name="givenString_whenEntered_shouldReturnSad[4]" classname="com.cg.uservalidation.UserValidationTest" time="0.0"/>
  <testcase name="givenLastName_whenEntered_shouldReturnValidation[4]" classname="com.cg.uservalidation.UserValidationTest" time="0.0"/>
  <testcase name="givenMobile_whenEntered_shouldReturnValidation[4]" classname="com.cg.uservalidation.UserValidationTest" time="0.0"/>
  <testcase name="givenFirstName_whenEntered_shouldReturnValidation[4]" classname="com.cg.uservalidation.UserValidationTest" time="0.0"/>
  <testcase name="givenEmail_whenEntered_shouldReturnValidation[5]" classname="com.cg.uservalidation.UserValidationTest" time="0.001"/>
  <testcase name="givenPassword_whenEntered_shouldReturnValidation[5]" classname="com.cg.uservalidation.UserValidationTest" time="0.0"/>
  <testcase name="givenString_whenEntered_shouldReturnSad[5]" classname="com.cg.uservalidation.UserValidationTest" time="0.0"/>
  <testcase name="givenLastName_whenEntered_shouldReturnValidation[5]" classname="com.cg.uservalidation.UserValidationTest" time="0.0"/>
  <testcase name="givenMobile_whenEntered_shouldReturnValidation[5]" classname="com.cg.uservalidation.UserValidationTest" time="0.0"/>
  <testcase name="givenFirstName_whenEntered_shouldReturnValidation[5]" classname="com.cg.uservalidation.UserValidationTest" time="0.0"/>
  <testcase name="givenEmail_whenEntered_shouldReturnValidation[6]" classname="com.cg.uservalidation.UserValidationTest" time="0.0"/>
  <testcase name="givenPassword_whenEntered_shouldReturnValidation[6]" classname="com.cg.uservalidation.UserValidationTest" time="0.0"/>
  <testcase name="givenString_whenEntered_shouldReturnSad[6]" classname="com.cg.uservalidation.UserValidationTest" time="0.0"/>
  <testcase name="givenLastName_whenEntered_shouldReturnValidation[6]" classname="com.cg.uservalidation.UserValidationTest" time="0.006"/>
  <testcase name="givenMobile_whenEntered_shouldReturnValidation[6]" classname="com.cg.uservalidation.UserValidationTest" time="0.0"/>
  <testcase name="givenFirstName_whenEntered_shouldReturnValidation[6]" classname="com.cg.uservalidation.UserValidationTest" time="0.0"/>
  <testcase name="givenEmail_whenEntered_shouldReturnValidation[7]" classname="com.cg.uservalidation.UserValidationTest" time="0.001"/>
  <testcase name="givenPassword_whenEntered_shouldReturnValidation[7]" classname="com.cg.uservalidation.UserValidationTest" time="0.0"/>
  <testcase name="givenString_whenEntered_shouldReturnSad[7]" classname="com.cg.uservalidation.UserValidationTest" time="0.0"/>
  <testcase name="givenLastName_whenEntered_shouldReturnValidation[7]" classname="com.cg.uservalidation.UserValidationTest" time="0.0"/>
  <testcase name="givenMobile_whenEntered_shouldReturnValidation[7]" classname="com.cg.uservalidation.UserValidationTest" time="0.0"/>
  <testcase name="givenFirstName_whenEntered_shouldReturnValidation[7]" classname="com.cg.uservalidation.UserValidationTest" time="0.001"/>
  <testcase name="givenEmail_whenEntered_shouldReturnValidation[8]" classname="com.cg.uservalidation.UserValidationTest" time="0.0"/>
  <testcase name="givenPassword_whenEntered_shouldReturnValidation[8]" classname="com.cg.uservalidation.UserValidationTest" time="0.0"/>
  <testcase name="givenString_whenEntered_shouldReturnSad[8]" classname="com.cg.uservalidation.UserValidationTest" time="0.0"/>
  <testcase name="givenLastName_whenEntered_shouldReturnValidation[8]" classname="com.cg.uservalidation.UserValidationTest" time="0.002"/>
  <testcase name="givenMobile_whenEntered_shouldReturnValidation[8]" classname="com.cg.uservalidation.UserValidationTest" time="0.0"/>
  <testcase name="givenFirstName_whenEntered_shouldReturnValidation[8]" classname="com.cg.uservalidation.UserValidationTest" time="0.0"/>
  <testcase name="givenEmail_whenEntered_shouldReturnValidation[9]" classname="com.cg.uservalidation.UserValidationTest" time="0.001"/>
  <testcase name="givenPassword_whenEntered_shouldReturnValidation[9]" classname="com.cg.uservalidation.UserValidationTest" time="0.0"/>
  <testcase name="givenString_whenEntered_shouldReturnSad[9]" classname="com.cg.uservalidation.UserValidationTest" time="0.0"/>
  <testcase name="givenLastName_whenEntered_shouldReturnValidation[9]" classname="com.cg.uservalidation.UserValidationTest" time="0.0"/>
  <testcase name="givenMobile_whenEntered_shouldReturnValidation[9]" classname="com.cg.uservalidation.UserValidationTest" time="0.001"/>
  <testcase name="givenFirstName_whenEntered_shouldReturnValidation[9]" classname="com.cg.uservalidation.UserValidationTest" time="0.0"/>
  <testcase name="givenEmail_whenEntered_shouldReturnValidation[10]" classname="com.cg.uservalidation.UserValidationTest" time="0.001"/>
  <testcase name="givenPassword_whenEntered_shouldReturnValidation[10]" classname="com.cg.uservalidation.UserValidationTest" time="0.0"/>
  <testcase name="givenString_whenEntered_shouldReturnSad[10]" classname="com.cg.uservalidation.UserValidationTest" time="0.0"/>
  <testcase name="givenLastName_whenEntered_shouldReturnValidation[10]" classname="com.cg.uservalidation.UserValidationTest" time="0.0"/>
  <testcase name="givenMobile_whenEntered_shouldReturnValidation[10]" classname="com.cg.uservalidation.UserValidationTest" time="0.0"/>
  <testcase name="givenFirstName_whenEntered_shouldReturnValidation[10]" classname="com.cg.uservalidation.UserValidationTest" time="0.0"/>
  <testcase name="givenEmail_whenEntered_shouldReturnValidation[11]" classname="com.cg.uservalidation.UserValidationTest" time="0.001"/>
  <testcase name="givenPassword_whenEntered_shouldReturnValidation[11]" classname="com.cg.uservalidation.UserValidationTest" time="0.001"/>
  <testcase name="givenString_whenEntered_shouldReturnSad[11]" classname="com.cg.uservalidation.UserValidationTest" time="0.0"/>
  <testcase name="givenLastName_whenEntered_shouldReturnValidation[11]" classname="com.cg.uservalidation.UserValidationTest" time="0.0"/>
  <testcase name="givenMobile_whenEntered_shouldReturnValidation[11]" classname="com.cg.uservalidation.UserValidationTest" time="0.0"/>
  <testcase name="givenFirstName_whenEntered_shouldReturnValidation[11]" classname="com.cg.uservalidation.UserValidationTest" time="0.0"/>
  <testcase name="givenEmail_whenEntered_shouldReturnValidation[12]" classname="com.cg.uservalidation.UserValidationTest" time="0.001"/>
  <testcase name="givenPassword_whenEntered_shouldReturnValidation[12]" classname="com.cg.uservalidation.UserValidationTest" time="0.001"/>
  <testcase name="givenString_whenEntered_shouldReturnSad[12]" classname="com.cg.uservalidation.UserValidationTest" time="0.0"/>
  <testcase name="givenLastName_whenEntered_shouldReturnValidation[12]" classname="com.cg.uservalidation.UserValidationTest" time="0.0"/>
  <testcase name="givenMobile_whenEntered_shouldReturnValidation[12]" classname="com.cg.uservalidation.UserValidationTest" time="0.001"/>
  <testcase name="givenFirstName_whenEntered_shouldReturnValidation[12]" classname="com.cg.uservalidation.UserValidationTest" time="0.0"/>
  <testcase name="givenEmail_whenEntered_shouldReturnValidation[13]" classname="com.cg.uservalidation.UserValidationTest" time="0.001"/>
  <testcase name="givenPassword_whenEntered_shouldReturnValidation[13]" classname="com.cg.uservalidation.UserValidationTest" time="0.001"/>
  <testcase name="givenString_whenEntered_shouldReturnSad[13]" classname="com.cg.uservalidation.UserValidationTest" time="0.0"/>
  <testcase name="givenLastName_whenEntered_shouldReturnValidation[13]" classname="com.cg.uservalidation.UserValidationTest" time="0.0"/>
  <testcase name="givenMobile_whenEntered_shouldReturnValidation[13]" classname="com.cg.uservalidation.UserValidationTest" time="0.0"/>
  <testcase name="givenFirstName_whenEntered_shouldReturnValidation[13]" classname="com.cg.uservalidation.UserValidationTest" time="0.0"/>
  <testcase name="givenEmail_whenEntered_shouldReturnValidation[14]" classname="com.cg.uservalidation.UserValidationTest" time="0.0"/>
  <testcase name="givenPassword_whenEntered_shouldReturnValidation[14]" classname="com.cg.uservalidation.UserValidationTest" time="0.0"/>
  <testcase name="givenString_whenEntered_shouldReturnSad[14]" classname="com.cg.uservalidation.UserValidationTest" time="0.0"/>
  <testcase name="givenLastName_whenEntered_shouldReturnValidation[14]" classname="com.cg.uservalidation.UserValidationTest" time="0.0"/>
  <testcase name="givenMobile_whenEntered_shouldReturnValidation[14]" classname="com.cg.uservalidation.UserValidationTest" time="0.0"/>
  <testcase name="givenFirstName_whenEntered_shouldReturnValidation[14]" classname="com.cg.uservalidation.UserValidationTest" time="0.0"/>
  <testcase name="givenEmail_whenEntered_shouldReturnValidation[15]" classname="com.cg.uservalidation.UserValidationTest" time="0.001"/>
  <testcase name="givenPassword_whenEntered_shouldReturnValidation[15]" classname="com.cg.uservalidation.UserValidationTest" time="0.001"/>
  <testcase name="givenString_whenEntered_shouldReturnSad[15]" classname="com.cg.uservalidation.UserValidationTest" time="0.001"/>
  <testcase name="givenLastName_whenEntered_shouldReturnValidation[15]" classname="com.cg.uservalidation.UserValidationTest" time="0.001"/>
  <testcase name="givenMobile_whenEntered_shouldReturnValidation[15]" classname="com.cg.uservalidation.UserValidationTest" time="0.001"/>
  <testcase name="givenFirstName_whenEntered_shouldReturnValidation[15]" classname="com.cg.uservalidation.UserValidationTest" time="0.001"/>
  <testcase name="givenEmail_whenEntered_shouldReturnValidation[16]" classname="com.cg.uservalidation.UserValidationTest" time="0.001"/>
  <testcase name="givenPassword_whenEntered_shouldReturnValidation[16]" classname="com.cg.uservalidation.UserValidationTest" time="0.0"/>
  <testcase name="givenString_whenEntered_shouldReturnSad[16]" classname="com.cg.uservalidation.UserValidationTest" time="0.0"/>
  <testcase name="givenLastName_whenEntered_shouldReturnValidation[16]" classname="com.cg.uservalidation.UserValidationTest" time="0.0"/>
  <testcase name="givenMobile_whenEntered_shouldReturnValidation[16]" classname="com.cg.uservalidation.UserValidationTest" time="0.001"/>
  <testcase name="givenFirstName_whenEntered_shouldReturnValidation[16]" classname="com.cg.uservalidation.UserValidationTest" time="0.0"/>
  <testcase name="givenEmail_whenEntered_shouldReturnValidation[17]" classname="com.cg.uservalidation.UserValidationTest" time="0.001"/>
  <testcase name="givenPassword_whenEntered_shouldReturnValidation[17]" classname="com.cg.uservalidation.UserValidationTest" time="0.0"/>
  <testcase name="givenString_whenEntered_shouldReturnSad[17]" classname="com.cg.uservalidation.UserValidationTest" time="0.0"/>
  <testcase name="givenLastName_whenEntered_shouldReturnValidation[17]" classname="com.cg.uservalidation.UserValidationTest" time="0.0"/>
  <testcase name="givenMobile_whenEntered_shouldReturnValidation[17]" classname="com.cg.uservalidation.UserValidationTest" time="0.0"/>
  <testcase name="givenFirstName_whenEntered_shouldReturnValidation[17]" classname="com.cg.uservalidation.UserValidationTest" time="0.001"/>
  <testcase name="givenEmail_whenEntered_shouldReturnValidation[18]" classname="com.cg.uservalidation.UserValidationTest" time="0.008"/>
  <testcase name="givenPassword_whenEntered_shouldReturnValidation[18]" classname="com.cg.uservalidation.UserValidationTest" time="0.002"/>
  <testcase name="givenString_whenEntered_shouldReturnSad[18]" classname="com.cg.uservalidation.UserValidationTest" time="0.001"/>
  <testcase name="givenLastName_whenEntered_shouldReturnValidation[18]" classname="com.cg.uservalidation.UserValidationTest" time="0.001"/>
  <testcase name="givenMobile_whenEntered_shouldReturnValidation[18]" classname="com.cg.uservalidation.UserValidationTest" time="0.002"/>
  <testcase name="givenFirstName_whenEntered_shouldReturnValidation[18]" classname="com.cg.uservalidation.UserValidationTest" time="0.0"/>
  <testcase name="givenEmail_whenEntered_shouldReturnValidation[19]" classname="com.cg.uservalidation.UserValidationTest" time="0.002"/>
  <testcase name="givenPassword_whenEntered_shouldReturnValidation[19]" classname="com.cg.uservalidation.UserValidationTest" time="0.0"/>
  <testcase name="givenString_whenEntered_shouldReturnSad[19]" classname="com.cg.uservalidation.UserValidationTest" time="0.0"/>
  <testcase name="givenLastName_whenEntered_shouldReturnValidation[19]" classname="com.cg.uservalidation.UserValidationTest" time="0.001"/>
  <testcase name="givenMobile_whenEntered_shouldReturnValidation[19]" classname="com.cg.uservalidation.UserValidationTest" time="0.0"/>
  <testcase name="givenFirstName_whenEntered_shouldReturnValidation[19]" classname="com.cg.uservalidation.UserValidationTest" time="0.0"/>
  <testcase name="givenEmail_whenEntered_shouldReturnValidation[20]" classname="com.cg.uservalidation.UserValidationTest" time="0.0"/>
  <testcase name="givenPassword_whenEntered_shouldReturnValidation[20]" classname="com.cg.uservalidation.UserValidationTest" time="0.0"/>
  <testcase name="givenString_whenEntered_shouldReturnSad[20]" classname="com.cg.uservalidation.UserValidationTest" time="0.001"/>
  <testcase name="givenLastName_whenEntered_shouldReturnValidation[20]" classname="com.cg.uservalidation.UserValidationTest" time="0.001"/>
  <testcase name="givenMobile_whenEntered_shouldReturnValidation[20]" classname="com.cg.uservalidation.UserValidationTest" time="0.001"/>
  <testcase name="givenFirstName_whenEntered_shouldReturnValidation[20]" classname="com.cg.uservalidation.UserValidationTest" time="0.0"/>
  <testcase name="givenEmail_whenEntered_shouldReturnValidation[21]" classname="com.cg.uservalidation.UserValidationTest" time="0.003"/>
  <testcase name="givenPassword_whenEntered_shouldReturnValidation[21]" classname="com.cg.uservalidation.UserValidationTest" time="0.001"/>
  <testcase name="givenString_whenEntered_shouldReturnSad[21]" classname="com.cg.uservalidation.UserValidationTest" time="0.001"/>
  <testcase name="givenLastName_whenEntered_shouldReturnValidation[21]" classname="com.cg.uservalidation.UserValidationTest" time="0.0"/>
  <testcase name="givenMobile_whenEntered_shouldReturnValidation[21]" classname="com.cg.uservalidation.UserValidationTest" time="0.0"/>
  <testcase name="givenFirstName_whenEntered_shouldReturnValidation[21]" classname="com.cg.uservalidation.UserValidationTest" time="0.0"/>
  <testcase name="givenEmail_whenEntered_shouldReturnValidation[22]" classname="com.cg.uservalidation.UserValidationTest" time="0.003"/>
  <testcase name="givenPassword_whenEntered_shouldReturnValidation[22]" classname="com.cg.uservalidation.UserValidationTest" time="0.0"/>
  <testcase name="givenString_whenEntered_shouldReturnSad[22]" classname="com.cg.uservalidation.UserValidationTest" time="0.001"/>
  <testcase name="givenLastName_whenEntered_shouldReturnValidation[22]" classname="com.cg.uservalidation.UserValidationTest" time="0.0"/>
  <testcase name="givenMobile_whenEntered_shouldReturnValidation[22]" classname="com.cg.uservalidation.UserValidationTest" time="0.001"/>
  <testcase name="givenFirstName_whenEntered_shouldReturnValidation[22]" classname="com.cg.uservalidation.UserValidationTest" time="0.0"/>
  <testcase name="givenEmail_whenEntered_shouldReturnValidation[23]" classname="com.cg.uservalidation.UserValidationTest" time="0.001"/>
  <testcase name="givenPassword_whenEntered_shouldReturnValidation[23]" classname="com.cg.uservalidation.UserValidationTest" time="0.0"/>
  <testcase name="givenString_whenEntered_shouldReturnSad[23]" classname="com.cg.uservalidation.UserValidationTest" time="0.0"/>
  <testcase name="givenLastName_whenEntered_shouldReturnValidation[23]" classname="com.cg.uservalidation.UserValidationTest" time="0.0"/>
  <testcase name="givenMobile_whenEntered_shouldReturnValidation[23]" classname="com.cg.uservalidation.UserValidationTest" time="0.0"/>
  <testcase name="givenFirstName_whenEntered_shouldReturnValidation[23]" classname="com.cg.uservalidation.UserValidationTest" time="0.001"/>
  <system-out><![CDATA[Parameterized email : abc@gmail.com
Parameterized email : abc-100@gmail.com
Parameterized email : abc.100@gmail.com
Parameterized email : abc111@abc.com
Parameterized email : abc-100@abc.net
Parameterized email : abc.100@gmail.com.au
Parameterized email : abc@1.com
Parameterized email : abc@gmail.com.com
Parameterized email : abc+100@gmail.com
Parameterized email : abc+100@gmail.com
Parameterized email : abc
Parameterized email : abc@.com.my
Parameterized email : abc123@gmail.a
Parameterized email : abc123@.com
Parameterized email : abc123@.com.com
Parameterized email : .abc@abc.com
Parameterized email : abc()*@abc.com
Parameterized email : .abc@!#$.com
Parameterized email : abc..2002@abc.com
Parameterized email : abc.@abc.com
Parameterized email : abc@abc@abc.com
Parameterized email : .abc@abc.com
Parameterized email : abc@abc.com.1a
Parameterized email : abc@abc.com.aa.au
]]></system-out>
  <system-err><![CDATA[]]></system-err>
</testsuite>
